c:\users\snizh\appdata\local\temp\lnk{f1a56302-c7e7-42a6-b45c-8da7cd8487cf}.tmp
c:\users\snizh\appdata\local\temp\lnk{9daaeb1d-9345-47db-a24c-da1320548096}.tmp
c:\users\snizh\appdata\local\temp\lnk{f8f1e276-174b-4d0d-a845-8d15bed81ec5}.tmp
d:\pro\project7_pro\debug\project7_pro.pdb
d:\pro\project7_pro\project7_pro\debug\vc141.pdb
d:\pro\project7_pro\project7_pro\debug\project7_pro.tlog\icl-mcpcom.read.1.tlog
d:\pro\project7_pro\project7_pro\debug\project7_pro.tlog\icl-mcpcom.write.1.tlog
d:\pro\project7_pro\project7_pro\debug\project7_pro.tlog\icl.command.1.tlog
d:\pro\project7_pro\project7_pro\debug\project7_pro.tlog\icl.read.1.tlog
d:\pro\project7_pro\project7_pro\debug\project7_pro.tlog\icl.write.1.tlog
d:\pro\project7_pro\project7_pro\debug\project7_pro.tlog\xilink-link-cvtres.read.1.tlog
d:\pro\project7_pro\project7_pro\debug\project7_pro.tlog\xilink-link-cvtres.write.1.tlog
d:\pro\project7_pro\project7_pro\debug\project7_pro.tlog\xilink-link-rc.read.1.tlog
d:\pro\project7_pro\project7_pro\debug\project7_pro.tlog\xilink-link-rc.write.1.tlog
d:\pro\project7_pro\project7_pro\debug\project7_pro.tlog\xilink-link.read.1.tlog
d:\pro\project7_pro\project7_pro\debug\project7_pro.tlog\xilink-link.read.2.tlog
d:\pro\project7_pro\project7_pro\debug\project7_pro.tlog\xilink-link.write.1.tlog
d:\pro\project7_pro\project7_pro\debug\project7_pro.tlog\xilink.command.1.tlog
d:\pro\project7_pro\project7_pro\debug\project7_pro.tlog\xilink.read.1.tlog
d:\pro\project7_pro\project7_pro\debug\project7_pro.tlog\xilink.write.1.tlog
